[0.007s] Invoking command in '/home/fcl/USBSerial/build/do1': /usr/bin/cmake /home/fcl/USBSerial/src -DCATKIN_INSTALL_INTO_PREFIX_ROOT=0 -DCMAKE_INSTALL_PREFIX=/home/fcl/USBSerial/install/do1
[0.067s] -- The C compiler identification is GNU 11.4.0
[0.131s] -- The CXX compiler identification is GNU 11.4.0
[0.142s] -- Detecting C compiler ABI info
[0.231s] -- Detecting C compiler ABI info - done
[0.241s] -- Check for working C compiler: /usr/bin/cc - skipped
[0.241s] -- Detecting C compile features
[0.242s] -- Detecting C compile features - done
[0.246s] -- Detecting CXX compiler ABI info
[0.331s] -- Detecting CXX compiler ABI info - done
[0.345s] -- Check for working CXX compiler: /usr/bin/c++ - skipped
[0.345s] -- Detecting CXX compile features
[0.346s] -- Detecting CXX compile features - done
[0.358s] -- Found OpenCV: /usr (found version "4.5.4") 
[0.361s] -- Found Boost: /usr/lib/x86_64-linux-gnu/cmake/Boost-1.74.0/BoostConfig.cmake (found version "1.74.0")  
[0.362s] -- Building with ROS1
[0.368s] [31mCMake Error at CMakeLists.txt:63 (find_package):
[0.368s]   By not providing "Findcatkin.cmake" in CMAKE_MODULE_PATH this project has
[0.368s]   asked CMake to find a package configuration file provided by "catkin", but
[0.368s]   CMake did not find one.
[0.368s] 
[0.368s]   Could not find a package configuration file provided by "catkin" with any
[0.368s]   of the following names:
[0.368s] 
[0.368s]     catkinConfig.cmake
[0.368s]     catkin-config.cmake
[0.368s] 
[0.368s]   Add the installation prefix of "catkin" to CMAKE_PREFIX_PATH or set
[0.368s]   "catkin_DIR" to a directory containing one of the above files.  If "catkin"
[0.368s]   provides a separate development package or SDK, be sure it has been
[0.368s]   installed.
[0.368s] 
[0.368s] [0m
[0.368s] -- Configuring incomplete, errors occurred!
[0.368s] See also "/home/fcl/USBSerial/build/do1/CMakeFiles/CMakeOutput.log".
[0.370s] Invoked command in '/home/fcl/USBSerial/build/do1' returned '1': /usr/bin/cmake /home/fcl/USBSerial/src -DCATKIN_INSTALL_INTO_PREFIX_ROOT=0 -DCMAKE_INSTALL_PREFIX=/home/fcl/USBSerial/install/do1
