[0.064s] DEBUG:colcon:Command line arguments: ['/usr/bin/colcon', 'build']
[0.064s] DEBUG:colcon:Parsed command line arguments: Namespace(log_base=None, log_level=None, verb_name='build', build_base='build', install_base='install', merge_install=False, symlink_install=False, test_result_base=None, continue_on_error=False, executor='parallel', parallel_workers=20, event_handlers=None, ignore_user_meta=False, metas=['./colcon.meta'], base_paths=['.'], packages_ignore=None, packages_ignore_regex=None, paths=None, packages_up_to=None, packages_up_to_regex=None, packages_above=None, packages_above_and_dependencies=None, packages_above_depth=None, packages_select_by_dep=None, packages_skip_by_dep=None, packages_skip_up_to=None, packages_select_build_failed=False, packages_skip_build_finished=False, packages_select_test_failures=False, packages_skip_test_passed=False, packages_select=None, packages_skip=None, packages_select_regex=None, packages_skip_regex=None, packages_start=None, packages_end=None, allow_overriding=[], cmake_args=None, cmake_target=None, cmake_target_skip_unavailable=False, cmake_clean_cache=False, cmake_clean_first=False, cmake_force_configure=False, ament_cmake_args=None, catkin_cmake_args=None, catkin_skip_building_tests=False, verb_parser=<colcon_defaults.argument_parser.defaults.DefaultArgumentsDecorator object at 0x7a25f2271600>, verb_extension=<colcon_core.verb.build.BuildVerb object at 0x7a25f23e2f20>, main=<bound method BuildVerb.main of <colcon_core.verb.build.BuildVerb object at 0x7a25f23e2f20>>)
[0.165s] Level 1:colcon.colcon_core.package_discovery:discover_packages(colcon_meta) check parameters
[0.165s] Level 1:colcon.colcon_core.package_discovery:discover_packages(recursive) check parameters
[0.165s] Level 1:colcon.colcon_core.package_discovery:discover_packages(ignore) check parameters
[0.165s] Level 1:colcon.colcon_core.package_discovery:discover_packages(path) check parameters
[0.165s] Level 1:colcon.colcon_core.package_discovery:discover_packages(colcon_meta) discover
[0.165s] Level 1:colcon.colcon_core.package_discovery:discover_packages(recursive) discover
[0.165s] INFO:colcon.colcon_core.package_discovery:Crawling recursively for packages in '/home/fcl/servo-gripper'
[0.165s] Level 1:colcon.colcon_core.package_identification:_identify(.) by extensions ['ignore', 'ignore_ament_install']
[0.165s] Level 1:colcon.colcon_core.package_identification:_identify(.) by extension 'ignore'
[0.165s] Level 1:colcon.colcon_core.package_identification:_identify(.) by extension 'ignore_ament_install'
[0.165s] Level 1:colcon.colcon_core.package_identification:_identify(.) by extensions ['colcon_pkg']
[0.165s] Level 1:colcon.colcon_core.package_identification:_identify(.) by extension 'colcon_pkg'
[0.165s] Level 1:colcon.colcon_core.package_identification:_identify(.) by extensions ['colcon_meta']
[0.165s] Level 1:colcon.colcon_core.package_identification:_identify(.) by extension 'colcon_meta'
[0.165s] Level 1:colcon.colcon_core.package_identification:_identify(.) by extensions ['ros']
[0.165s] Level 1:colcon.colcon_core.package_identification:_identify(.) by extension 'ros'
[0.172s] Level 1:colcon.colcon_core.package_identification:_identify(.) by extensions ['cmake', 'python']
[0.173s] Level 1:colcon.colcon_core.package_identification:_identify(.) by extension 'cmake'
[0.173s] Level 1:colcon.colcon_core.package_identification:_identify(.) by extension 'python'
[0.173s] Level 1:colcon.colcon_core.package_identification:_identify(.) by extensions ['python_setup_py']
[0.173s] Level 1:colcon.colcon_core.package_identification:_identify(.) by extension 'python_setup_py'
[0.173s] Level 1:colcon.colcon_core.package_identification:_identify(build) by extensions ['ignore', 'ignore_ament_install']
[0.173s] Level 1:colcon.colcon_core.package_identification:_identify(build) by extension 'ignore'
[0.173s] Level 1:colcon.colcon_core.package_identification:_identify(build) ignored
[0.173s] Level 1:colcon.colcon_core.package_identification:_identify(install) by extensions ['ignore', 'ignore_ament_install']
[0.173s] Level 1:colcon.colcon_core.package_identification:_identify(install) by extension 'ignore'
[0.173s] Level 1:colcon.colcon_core.package_identification:_identify(install) ignored
[0.173s] Level 1:colcon.colcon_core.package_identification:_identify(log) by extensions ['ignore', 'ignore_ament_install']
[0.173s] Level 1:colcon.colcon_core.package_identification:_identify(log) by extension 'ignore'
[0.173s] Level 1:colcon.colcon_core.package_identification:_identify(log) ignored
[0.173s] Level 1:colcon.colcon_core.package_identification:_identify(src) by extensions ['ignore', 'ignore_ament_install']
[0.173s] Level 1:colcon.colcon_core.package_identification:_identify(src) by extension 'ignore'
[0.173s] Level 1:colcon.colcon_core.package_identification:_identify(src) by extension 'ignore_ament_install'
[0.173s] Level 1:colcon.colcon_core.package_identification:_identify(src) by extensions ['colcon_pkg']
[0.173s] Level 1:colcon.colcon_core.package_identification:_identify(src) by extension 'colcon_pkg'
[0.173s] Level 1:colcon.colcon_core.package_identification:_identify(src) by extensions ['colcon_meta']
[0.173s] Level 1:colcon.colcon_core.package_identification:_identify(src) by extension 'colcon_meta'
[0.173s] Level 1:colcon.colcon_core.package_identification:_identify(src) by extensions ['ros']
[0.173s] Level 1:colcon.colcon_core.package_identification:_identify(src) by extension 'ros'
[0.175s] DEBUG:colcon.colcon_core.package_identification:Package 'src' with type 'ros.catkin' and name 'usb_serial'
[0.175s] Level 1:colcon.colcon_core.package_discovery:discover_packages(recursive) using defaults
[0.175s] Level 1:colcon.colcon_core.package_discovery:discover_packages(ignore) discover
[0.175s] Level 1:colcon.colcon_core.package_discovery:discover_packages(ignore) using defaults
[0.175s] Level 1:colcon.colcon_core.package_discovery:discover_packages(path) discover
[0.175s] Level 1:colcon.colcon_core.package_discovery:discover_packages(path) using defaults
[0.195s] Level 1:colcon.colcon_core.package_discovery:discover_packages(prefix_path) check parameters
[0.195s] Level 1:colcon.colcon_core.package_discovery:discover_packages(prefix_path) discover
[0.196s] DEBUG:colcon.colcon_installed_package_information.package_discovery:Found 326 installed packages in /opt/ros/humble
[0.197s] Level 1:colcon.colcon_core.package_discovery:discover_packages(prefix_path) using defaults
[0.224s] Level 5:colcon.colcon_core.verb:set package 'usb_serial' build argument 'cmake_args' from command line to 'None'
[0.224s] Level 5:colcon.colcon_core.verb:set package 'usb_serial' build argument 'cmake_target' from command line to 'None'
[0.224s] Level 5:colcon.colcon_core.verb:set package 'usb_serial' build argument 'cmake_target_skip_unavailable' from command line to 'False'
[0.224s] Level 5:colcon.colcon_core.verb:set package 'usb_serial' build argument 'cmake_clean_cache' from command line to 'False'
[0.224s] Level 5:colcon.colcon_core.verb:set package 'usb_serial' build argument 'cmake_clean_first' from command line to 'False'
[0.224s] Level 5:colcon.colcon_core.verb:set package 'usb_serial' build argument 'cmake_force_configure' from command line to 'False'
[0.224s] Level 5:colcon.colcon_core.verb:set package 'usb_serial' build argument 'ament_cmake_args' from command line to 'None'
[0.224s] Level 5:colcon.colcon_core.verb:set package 'usb_serial' build argument 'catkin_cmake_args' from command line to 'None'
[0.224s] Level 5:colcon.colcon_core.verb:set package 'usb_serial' build argument 'catkin_skip_building_tests' from command line to 'False'
[0.224s] DEBUG:colcon.colcon_core.verb:Building package 'usb_serial' with the following arguments: {'ament_cmake_args': None, 'build_base': '/home/fcl/servo-gripper/build/usb_serial', 'catkin_cmake_args': None, 'catkin_skip_building_tests': False, 'cmake_args': None, 'cmake_clean_cache': False, 'cmake_clean_first': False, 'cmake_force_configure': False, 'cmake_target': None, 'cmake_target_skip_unavailable': False, 'install_base': '/home/fcl/servo-gripper/install/usb_serial', 'merge_install': False, 'path': '/home/fcl/servo-gripper/src', 'symlink_install': False, 'test_result_base': None}
[0.224s] INFO:colcon.colcon_core.executor:Executing jobs using 'parallel' executor
[0.225s] DEBUG:colcon.colcon_parallel_executor.executor.parallel:run_until_complete
[0.225s] INFO:colcon.colcon_ros.task.catkin.build:Building ROS package in '/home/fcl/servo-gripper/src' with build type 'catkin'
[0.225s] INFO:colcon.colcon_cmake.task.cmake.build:Building CMake package in '/home/fcl/servo-gripper/src'
[0.227s] INFO:colcon.colcon_core.plugin_system:Skipping extension 'colcon_core.shell.bat': Not used on non-Windows systems
[0.227s] INFO:colcon.colcon_core.shell:Skip shell extension 'powershell' for command environment: Not usable outside of PowerShell
[0.227s] DEBUG:colcon.colcon_core.shell:Skip shell extension 'dsv' for command environment
[0.234s] DEBUG:colcon.colcon_core.event_handler.log_command:Invoking command in '/home/fcl/servo-gripper/build/usb_serial': /usr/bin/cmake --build /home/fcl/servo-gripper/build/usb_serial -- -j20 -l20
[0.613s] DEBUG:colcon.colcon_core.event_handler.log_command:Invoked command in '/home/fcl/servo-gripper/build/usb_serial' returned '0': /usr/bin/cmake --build /home/fcl/servo-gripper/build/usb_serial -- -j20 -l20
[0.625s] DEBUG:colcon.colcon_core.event_handler.log_command:Invoking command in '/home/fcl/servo-gripper/build/usb_serial': /usr/bin/cmake --install /home/fcl/servo-gripper/build/usb_serial
[0.639s] DEBUG:colcon.colcon_core.event_handler.log_command:Invoked command in '/home/fcl/servo-gripper/build/usb_serial' returned '0': /usr/bin/cmake --install /home/fcl/servo-gripper/build/usb_serial
[0.639s] Level 1:colcon.colcon_core.shell:create_environment_hook('usb_serial', 'ros_package_path')
[0.640s] INFO:colcon.colcon_core.shell:Creating environment hook '/home/fcl/servo-gripper/install/usb_serial/share/usb_serial/hook/ros_package_path.ps1'
[0.641s] INFO:colcon.colcon_core.shell:Creating environment descriptor '/home/fcl/servo-gripper/install/usb_serial/share/usb_serial/hook/ros_package_path.dsv'
[0.642s] INFO:colcon.colcon_core.shell:Creating environment hook '/home/fcl/servo-gripper/install/usb_serial/share/usb_serial/hook/ros_package_path.sh'
[0.643s] Level 1:colcon.colcon_core.shell:create_environment_hook('usb_serial', 'pkg_config_path')
[0.644s] INFO:colcon.colcon_core.shell:Creating environment hook '/home/fcl/servo-gripper/install/usb_serial/share/usb_serial/hook/pkg_config_path.ps1'
[0.644s] INFO:colcon.colcon_core.shell:Creating environment descriptor '/home/fcl/servo-gripper/install/usb_serial/share/usb_serial/hook/pkg_config_path.dsv'
[0.645s] INFO:colcon.colcon_core.shell:Creating environment hook '/home/fcl/servo-gripper/install/usb_serial/share/usb_serial/hook/pkg_config_path.sh'
[0.648s] Level 1:colcon.colcon_core.shell:create_environment_hook('usb_serial', 'pkg_config_path_multiarch')
[0.648s] INFO:colcon.colcon_core.shell:Creating environment hook '/home/fcl/servo-gripper/install/usb_serial/share/usb_serial/hook/pkg_config_path_multiarch.ps1'
[0.649s] INFO:colcon.colcon_core.shell:Creating environment descriptor '/home/fcl/servo-gripper/install/usb_serial/share/usb_serial/hook/pkg_config_path_multiarch.dsv'
[0.650s] INFO:colcon.colcon_core.shell:Creating environment hook '/home/fcl/servo-gripper/install/usb_serial/share/usb_serial/hook/pkg_config_path_multiarch.sh'
[0.651s] Level 1:colcon.colcon_core.environment:create_environment_scripts_only(usb_serial)
[0.654s] Level 1:colcon.colcon_core.environment:checking '/home/fcl/servo-gripper/install/usb_serial' for CMake module files
[0.654s] Level 1:colcon.colcon_core.environment:checking '/home/fcl/servo-gripper/install/usb_serial' for CMake config files
[0.654s] Level 1:colcon.colcon_core.shell:create_environment_hook('usb_serial', 'cmake_prefix_path')
[0.654s] INFO:colcon.colcon_core.shell:Creating environment hook '/home/fcl/servo-gripper/install/usb_serial/share/usb_serial/hook/cmake_prefix_path.ps1'
[0.654s] INFO:colcon.colcon_core.shell:Creating environment descriptor '/home/fcl/servo-gripper/install/usb_serial/share/usb_serial/hook/cmake_prefix_path.dsv'
[0.655s] INFO:colcon.colcon_core.shell:Creating environment hook '/home/fcl/servo-gripper/install/usb_serial/share/usb_serial/hook/cmake_prefix_path.sh'
[0.655s] Level 1:colcon.colcon_core.environment:checking '/home/fcl/servo-gripper/install/usb_serial/lib'
[0.655s] Level 1:colcon.colcon_core.environment:checking '/home/fcl/servo-gripper/install/usb_serial/bin'
[0.655s] Level 1:colcon.colcon_core.environment:checking '/home/fcl/servo-gripper/install/usb_serial/lib/pkgconfig/usb_serial.pc'
[0.655s] Level 1:colcon.colcon_core.environment:checking '/home/fcl/servo-gripper/install/usb_serial/lib/python3.10/site-packages'
[0.656s] Level 1:colcon.colcon_core.environment:checking '/home/fcl/servo-gripper/install/usb_serial/bin'
[0.656s] INFO:colcon.colcon_core.shell:Creating package script '/home/fcl/servo-gripper/install/usb_serial/share/usb_serial/package.ps1'
[0.656s] INFO:colcon.colcon_core.shell:Creating package descriptor '/home/fcl/servo-gripper/install/usb_serial/share/usb_serial/package.dsv'
[0.657s] INFO:colcon.colcon_core.shell:Creating package script '/home/fcl/servo-gripper/install/usb_serial/share/usb_serial/package.sh'
[0.657s] INFO:colcon.colcon_core.shell:Creating package script '/home/fcl/servo-gripper/install/usb_serial/share/usb_serial/package.bash'
[0.658s] INFO:colcon.colcon_core.shell:Creating package script '/home/fcl/servo-gripper/install/usb_serial/share/usb_serial/package.zsh'
[0.658s] Level 1:colcon.colcon_core.environment:create_file_with_runtime_dependencies(/home/fcl/servo-gripper/install/usb_serial/share/colcon-core/packages/usb_serial)
[0.658s] DEBUG:colcon.colcon_parallel_executor.executor.parallel:closing loop
[0.659s] DEBUG:colcon.colcon_parallel_executor.executor.parallel:loop closed
[0.659s] DEBUG:colcon.colcon_parallel_executor.executor.parallel:run_until_complete finished with '0'
[0.659s] DEBUG:colcon.colcon_core.event_reactor:joining thread
[0.662s] INFO:colcon.colcon_core.plugin_system:Skipping extension 'colcon_notification.desktop_notification.terminal_notifier': Not used on non-Darwin systems
[0.662s] INFO:colcon.colcon_core.plugin_system:Skipping extension 'colcon_notification.desktop_notification.win32': Not used on non-Windows systems
[0.662s] INFO:colcon.colcon_notification.desktop_notification:Sending desktop notification using 'notify2'
[0.669s] DEBUG:colcon.colcon_core.event_reactor:joined thread
[0.670s] INFO:colcon.colcon_core.shell:Creating prefix script '/home/fcl/servo-gripper/install/local_setup.ps1'
[0.671s] INFO:colcon.colcon_core.shell:Creating prefix util module '/home/fcl/servo-gripper/install/_local_setup_util_ps1.py'
[0.672s] INFO:colcon.colcon_core.shell:Creating prefix chain script '/home/fcl/servo-gripper/install/setup.ps1'
[0.673s] INFO:colcon.colcon_core.shell:Creating prefix script '/home/fcl/servo-gripper/install/local_setup.sh'
[0.673s] INFO:colcon.colcon_core.shell:Creating prefix util module '/home/fcl/servo-gripper/install/_local_setup_util_sh.py'
[0.674s] INFO:colcon.colcon_core.shell:Creating prefix chain script '/home/fcl/servo-gripper/install/setup.sh'
[0.674s] INFO:colcon.colcon_core.shell:Creating prefix script '/home/fcl/servo-gripper/install/local_setup.bash'
[0.674s] INFO:colcon.colcon_core.shell:Creating prefix chain script '/home/fcl/servo-gripper/install/setup.bash'
[0.675s] INFO:colcon.colcon_core.shell:Creating prefix script '/home/fcl/servo-gripper/install/local_setup.zsh'
[0.676s] INFO:colcon.colcon_core.shell:Creating prefix chain script '/home/fcl/servo-gripper/install/setup.zsh'
