[35m[1mConsolidate compiler generated dependencies of target usb_serial[0m
[  7%] [32mBuilding CXX object CMakeFiles/usb_serial.dir/src/src/usb_serial.cpp.o[0m
[ 14%] [32mBuilding CXX object CMakeFiles/usb_serial.dir/src/src/FSM/ControlFrame.cpp.o[0m
[ 21%] [32mBuilding CXX object CMakeFiles/usb_serial.dir/src/src/KeyBoard/Command.cpp.o[0m
[01m[K/home/fcl/servo-gripper/src/src/src/KeyBoard/Command.cpp:[m[K In member function ‘[01m[KUserCommand Command::checkCmd()[m[K’:
[01m[K/home/fcl/servo-gripper/src/src/src/KeyBoard/Command.cpp:15:18:[m[K [01;31m[Kerror: [m[Kqualified-id in declaration before ‘[01m[K([m[K’ token
   15 | void Command::run[01;31m[K([m[K)
      |                  [01;31m[K^[m[K
[01m[K/home/fcl/servo-gripper/src/src/src/KeyBoard/Command.cpp:18:2:[m[K [01;31m[Kerror: [m[Kexpected ‘[01m[K}[m[K’ at end of input
   18 | }
      |  [01;31m[K^[m[K
[01m[K/home/fcl/servo-gripper/src/src/src/KeyBoard/Command.cpp:4:1:[m[K [01;36m[Knote: [m[Kto match this ‘[01m[K{[m[K’
    4 | [01;36m[K{[m[K
      | [01;36m[K^[m[K
[01m[K/home/fcl/servo-gripper/src/src/src/KeyBoard/Command.cpp:8:13:[m[K [01;35m[Kwarning: [m[Kstatement will never be executed [[01;35m[K]8;;https://gcc.gnu.org/onlinedocs/gcc/Warning-Options.html#index-Wswitch-unreachable-Wswitch-unreachable]8;;[m[K]
    8 |     switch ([01;35m[Kcount[m[K)
      |             [01;35m[K^~~~~[m[K
[01m[K/home/fcl/servo-gripper/src/src/src/KeyBoard/Command.cpp:18:2:[m[K [01;35m[Kwarning: [m[Kcontrol reaches end of non-void function [[01;35m[K]8;;https://gcc.gnu.org/onlinedocs/gcc/Warning-Options.html#index-Wreturn-type-Wreturn-type]8;;[m[K]
   18 | }
      |  [01;35m[K^[m[K
gmake[2]: *** [CMakeFiles/usb_serial.dir/build.make:216：CMakeFiles/usb_serial.dir/src/src/KeyBoard/Command.cpp.o] 错误 1
gmake[2]: *** 正在等待未完成的任务....
gmake[1]: *** [CMakeFiles/Makefile2:137：CMakeFiles/usb_serial.dir/all] 错误 2
gmake: *** [Makefile:146：all] 错误 2
