[0.007s] Invoking command in '/home/fcl/servo-gripper/build/usb_serial': /usr/bin/cmake --build /home/fcl/servo-gripper/build/usb_serial -- -j20 -l20
[0.054s] [35m[1mConsolidate compiler generated dependencies of target usb_serial[0m
[0.072s] [  7%] [32mBuilding CXX object CMakeFiles/usb_serial.dir/src/src/usb_serial.cpp.o[0m
[0.072s] [ 14%] [32mBuilding CXX object CMakeFiles/usb_serial.dir/src/src/FSM/ControlFrame.cpp.o[0m
[0.072s] [ 21%] [32mBuilding CXX object CMakeFiles/usb_serial.dir/src/src/KeyBoard/Command.cpp.o[0m
[0.179s] [01m[K/home/fcl/servo-gripper/src/src/src/KeyBoard/Command.cpp:[m[K In member function ‘[01m[KUserCommand Command::checkCmd()[m[K’:
[0.179s] [01m[K/home/fcl/servo-gripper/src/src/src/KeyBoard/Command.cpp:15:18:[m[K [01;31m[Kerror: [m[Kqualified-id in declaration before ‘[01m[K([m[K’ token
[0.179s]    15 | void Command::run[01;31m[K([m[K)
[0.179s]       |                  [01;31m[K^[m[K
[0.179s] [01m[K/home/fcl/servo-gripper/src/src/src/KeyBoard/Command.cpp:18:2:[m[K [01;31m[Kerror: [m[Kexpected ‘[01m[K}[m[K’ at end of input
[0.179s]    18 | }
[0.179s]       |  [01;31m[K^[m[K
[0.180s] [01m[K/home/fcl/servo-gripper/src/src/src/KeyBoard/Command.cpp:4:1:[m[K [01;36m[Knote: [m[Kto match this ‘[01m[K{[m[K’
[0.180s]     4 | [01;36m[K{[m[K
[0.180s]       | [01;36m[K^[m[K
[0.190s] [01m[K/home/fcl/servo-gripper/src/src/src/KeyBoard/Command.cpp:8:13:[m[K [01;35m[Kwarning: [m[Kstatement will never be executed [[01;35m[K]8;;https://gcc.gnu.org/onlinedocs/gcc/Warning-Options.html#index-Wswitch-unreachable-Wswitch-unreachable]8;;[m[K]
[0.190s]     8 |     switch ([01;35m[Kcount[m[K)
[0.190s]       |             [01;35m[K^~~~~[m[K
[0.190s] [01m[K/home/fcl/servo-gripper/src/src/src/KeyBoard/Command.cpp:18:2:[m[K [01;35m[Kwarning: [m[Kcontrol reaches end of non-void function [[01;35m[K]8;;https://gcc.gnu.org/onlinedocs/gcc/Warning-Options.html#index-Wreturn-type-Wreturn-type]8;;[m[K]
[0.190s]    18 | }
[0.190s]       |  [01;35m[K^[m[K
[0.194s] gmake[2]: *** [CMakeFiles/usb_serial.dir/build.make:216：CMakeFiles/usb_serial.dir/src/src/KeyBoard/Command.cpp.o] 错误 1
[0.194s] gmake[2]: *** 正在等待未完成的任务....
[0.402s] gmake[1]: *** [CMakeFiles/Makefile2:137：CMakeFiles/usb_serial.dir/all] 错误 2
[0.402s] gmake: *** [Makefile:146：all] 错误 2
[0.405s] Invoked command in '/home/fcl/servo-gripper/build/usb_serial' returned '2': /usr/bin/cmake --build /home/fcl/servo-gripper/build/usb_serial -- -j20 -l20
