[0.007s] Invoking command in '/home/fcl/servo-gripper/build/usb_serial': /usr/bin/cmake --build /home/fcl/servo-gripper/build/usb_serial -- -j20 -l20
[0.057s] [35m[1mConsolidate compiler generated dependencies of target usb_serial[0m
[0.077s] [  8%] [32mBuilding CXX object CMakeFiles/usb_serial.dir/src/src/FSM/FSM.cpp.o[0m
[0.079s] [ 16%] [32mBuilding CXX object CMakeFiles/usb_serial.dir/src/src/KeyBoard/KeyBoard.cpp.o[0m
[0.236s] [ 25%] [32m[1mLinking CXX executable usb_serial[0m
[0.301s] [100%] Built target usb_serial
[0.314s] Invoked command in '/home/fcl/servo-gripper/build/usb_serial' returned '0': /usr/bin/cmake --build /home/fcl/servo-gripper/build/usb_serial -- -j20 -l20
[0.328s] Invoking command in '/home/fcl/servo-gripper/build/usb_serial': /usr/bin/cmake --install /home/fcl/servo-gripper/build/usb_serial
[0.336s] -- Install configuration: ""
[0.336s] -- Installing: /home/fcl/servo-gripper/install/usb_serial/lib/usb_serial/usb_serial
[0.336s] -- Up-to-date: /home/fcl/servo-gripper/install/usb_serial/share/ament_index/resource_index/package_run_dependencies/usb_serial
[0.336s] -- Up-to-date: /home/fcl/servo-gripper/install/usb_serial/share/ament_index/resource_index/parent_prefix_path/usb_serial
[0.336s] -- Up-to-date: /home/fcl/servo-gripper/install/usb_serial/share/usb_serial/environment/ament_prefix_path.sh
[0.336s] -- Up-to-date: /home/fcl/servo-gripper/install/usb_serial/share/usb_serial/environment/ament_prefix_path.dsv
[0.336s] -- Up-to-date: /home/fcl/servo-gripper/install/usb_serial/share/usb_serial/environment/path.sh
[0.336s] -- Up-to-date: /home/fcl/servo-gripper/install/usb_serial/share/usb_serial/environment/path.dsv
[0.336s] -- Up-to-date: /home/fcl/servo-gripper/install/usb_serial/share/usb_serial/local_setup.bash
[0.336s] -- Up-to-date: /home/fcl/servo-gripper/install/usb_serial/share/usb_serial/local_setup.sh
[0.336s] -- Up-to-date: /home/fcl/servo-gripper/install/usb_serial/share/usb_serial/local_setup.zsh
[0.336s] -- Up-to-date: /home/fcl/servo-gripper/install/usb_serial/share/usb_serial/local_setup.dsv
[0.336s] -- Installing: /home/fcl/servo-gripper/install/usb_serial/share/usb_serial/package.dsv
[0.336s] -- Up-to-date: /home/fcl/servo-gripper/install/usb_serial/share/ament_index/resource_index/packages/usb_serial
[0.336s] -- Up-to-date: /home/fcl/servo-gripper/install/usb_serial/share/usb_serial/cmake/usb_serialConfig.cmake
[0.336s] -- Up-to-date: /home/fcl/servo-gripper/install/usb_serial/share/usb_serial/cmake/usb_serialConfig-version.cmake
[0.336s] -- Up-to-date: /home/fcl/servo-gripper/install/usb_serial/share/usb_serial/package.xml
[0.337s] Invoked command in '/home/fcl/servo-gripper/build/usb_serial' returned '0': /usr/bin/cmake --install /home/fcl/servo-gripper/build/usb_serial
