[0.007s] Invoking command in '/home/fcl/USBSerial/build/do1': /usr/bin/cmake --build /home/fcl/USBSerial/build/do1 -- -j20 -l20
[0.069s] [35m[1mConsolidate compiler generated dependencies of target usb_serial[0m
[0.082s] [  8%] [32mBuilding CXX object CMakeFiles/usb_serial.dir/src/src/FSM/State_LP.cpp.o[0m
[0.082s] [ 16%] [32mBuilding CXX object CMakeFiles/usb_serial.dir/src/src/FSM/State_RG.cpp.o[0m
[0.084s] [ 25%] [32mBuilding CXX object CMakeFiles/usb_serial.dir/src/src/FSM/State_RtoL.cpp.o[0m
[0.084s] [ 33%] [32mBuilding CXX object CMakeFiles/usb_serial.dir/src/src/FSM/FSMState.cpp.o[0m
[0.085s] [ 41%] [32mBuilding CXX object CMakeFiles/usb_serial.dir/src/src/FSM/State_LtoR.cpp.o[0m
[0.085s] [ 50%] [32mBuilding CXX object CMakeFiles/usb_serial.dir/src/src/FSM/State_RP.cpp.o[0m
[0.246s] [ 58%] [32m[1mLinking CXX executable usb_serial[0m
[0.320s] [100%] Built target usb_serial
[0.330s] Invoked command in '/home/fcl/USBSerial/build/do1' returned '0': /usr/bin/cmake --build /home/fcl/USBSerial/build/do1 -- -j20 -l20
[0.343s] Invoking command in '/home/fcl/USBSerial/build/do1': /usr/bin/cmake --install /home/fcl/USBSerial/build/do1
[0.352s] -- Install configuration: ""
[0.352s] -- Installing: /home/fcl/USBSerial/install/do1/lib/do1/usb_serial
[0.352s] -- Up-to-date: /home/fcl/USBSerial/install/do1/share/ament_index/resource_index/package_run_dependencies/do1
[0.353s] -- Up-to-date: /home/fcl/USBSerial/install/do1/share/ament_index/resource_index/parent_prefix_path/do1
[0.353s] -- Up-to-date: /home/fcl/USBSerial/install/do1/share/do1/environment/ament_prefix_path.sh
[0.353s] -- Up-to-date: /home/fcl/USBSerial/install/do1/share/do1/environment/ament_prefix_path.dsv
[0.353s] -- Up-to-date: /home/fcl/USBSerial/install/do1/share/do1/environment/path.sh
[0.353s] -- Up-to-date: /home/fcl/USBSerial/install/do1/share/do1/environment/path.dsv
[0.353s] -- Up-to-date: /home/fcl/USBSerial/install/do1/share/do1/local_setup.bash
[0.353s] -- Up-to-date: /home/fcl/USBSerial/install/do1/share/do1/local_setup.sh
[0.353s] -- Up-to-date: /home/fcl/USBSerial/install/do1/share/do1/local_setup.zsh
[0.354s] -- Up-to-date: /home/fcl/USBSerial/install/do1/share/do1/local_setup.dsv
[0.354s] -- Up-to-date: /home/fcl/USBSerial/install/do1/share/do1/package.dsv
[0.354s] -- Up-to-date: /home/fcl/USBSerial/install/do1/share/ament_index/resource_index/packages/do1
[0.354s] -- Up-to-date: /home/fcl/USBSerial/install/do1/share/do1/cmake/do1Config.cmake
[0.354s] -- Up-to-date: /home/fcl/USBSerial/install/do1/share/do1/cmake/do1Config-version.cmake
[0.354s] -- Up-to-date: /home/fcl/USBSerial/install/do1/share/do1/package.xml
[0.356s] Invoked command in '/home/fcl/USBSerial/build/do1' returned '0': /usr/bin/cmake --install /home/fcl/USBSerial/build/do1
