[0.008s] Invoking command in '/home/fcl/USBSerial/build/usb_serial': /usr/bin/cmake /home/fcl/USBSerial/src -DCATKIN_INSTALL_INTO_PREFIX_ROOT=0 -DCMAKE_INSTALL_PREFIX=/home/fcl/USBSerial/install/usb_serial
[0.077s] -- The C compiler identification is GNU 11.4.0
[0.147s] -- The CXX compiler identification is GNU 11.4.0
[0.152s] -- Detecting C compiler ABI info
[0.233s] -- Detecting C compiler ABI info - done
[0.243s] -- Check for working C compiler: /usr/bin/cc - skipped
[0.244s] -- Detecting C compile features
[0.244s] -- Detecting C compile features - done
[0.247s] -- Detecting CXX compiler ABI info
[0.333s] -- Detecting CXX compiler ABI info - done
[0.338s] -- Check for working CXX compiler: /usr/bin/c++ - skipped
[0.338s] -- Detecting CXX compile features
[0.339s] -- Detecting CXX compile features - done
[0.507s] -- Found Python3: /usr/bin/python3 (found version "3.10.12") found components: Interpreter 
[0.611s] -- Found rosidl_generator_c: 3.1.8 (/opt/ros/humble/share/rosidl_generator_c/cmake)
[0.614s] -- Found rosidl_adapter: 3.1.8 (/opt/ros/humble/share/rosidl_adapter/cmake)
[0.619s] -- Found rosidl_generator_cpp: 3.1.8 (/opt/ros/humble/share/rosidl_generator_cpp/cmake)
[0.627s] -- Using all available rosidl_typesupport_c: rosidl_typesupport_fastrtps_c;rosidl_typesupport_introspection_c
[0.637s] -- Using all available rosidl_typesupport_cpp: rosidl_typesupport_fastrtps_cpp;rosidl_typesupport_introspection_cpp
[0.665s] -- Found rmw_implementation_cmake: 6.1.2 (/opt/ros/humble/share/rmw_implementation_cmake/cmake)
[0.667s] -- Found rmw_fastrtps_cpp: 6.2.9 (/opt/ros/humble/share/rmw_fastrtps_cpp/cmake)
[0.741s] -- Found OpenSSL: /usr/lib/x86_64-linux-gnu/libcrypto.so (found version "3.0.2")  
[0.761s] -- Found FastRTPS: /opt/ros/humble/include  
[0.791s] -- Using RMW implementation 'rmw_fastrtps_cpp' as default
[0.796s] -- Looking for pthread.h
[0.871s] -- Looking for pthread.h - found
[0.871s] -- Performing Test CMAKE_HAVE_LIBC_PTHREAD
[0.965s] -- Performing Test CMAKE_HAVE_LIBC_PTHREAD - Success
[0.966s] -- Found Threads: TRUE  
[1.047s] -- Building with ROS2
[1.096s] -- Configuring done
[1.101s] -- Generating done
[1.102s] [33mCMake Warning:
[1.102s]   Manually-specified variables were not used by the project:
[1.102s] 
[1.102s]     CATKIN_INSTALL_INTO_PREFIX_ROOT
[1.102s] 
[1.102s] [0m
[1.103s] -- Build files have been written to: /home/fcl/USBSerial/build/usb_serial
[1.110s] Invoked command in '/home/fcl/USBSerial/build/usb_serial' returned '0': /usr/bin/cmake /home/fcl/USBSerial/src -DCATKIN_INSTALL_INTO_PREFIX_ROOT=0 -DCMAKE_INSTALL_PREFIX=/home/fcl/USBSerial/install/usb_serial
[1.112s] Invoking command in '/home/fcl/USBSerial/build/usb_serial': /usr/bin/cmake --build /home/fcl/USBSerial/build/usb_serial -- -j20 -l20
[1.189s] [  8%] [32mBuilding CXX object CMakeFiles/usb_serial.dir/src/src/FSM/ControlFrame.cpp.o[0m
[1.190s] [ 16%] [32mBuilding CXX object CMakeFiles/usb_serial.dir/src/src/FSM/FSMState.cpp.o[0m
[1.191s] [ 25%] [32mBuilding CXX object CMakeFiles/usb_serial.dir/src/src/FSM/State_LG.cpp.o[0m
[1.193s] [ 33%] [32mBuilding CXX object CMakeFiles/usb_serial.dir/src/src/FSM/State_RP.cpp.o[0m
[1.194s] [ 41%] [32mBuilding CXX object CMakeFiles/usb_serial.dir/src/src/FSM/State_RtoL.cpp.o[0m
[1.194s] [ 50%] [32mBuilding CXX object CMakeFiles/usb_serial.dir/src/src/KeyBoard/KeyBoard.cpp.o[0m
[1.196s] [ 58%] [32mBuilding CXX object CMakeFiles/usb_serial.dir/src/src/FSM/FSM.cpp.o[0m
[1.197s] [ 66%] [32mBuilding CXX object CMakeFiles/usb_serial.dir/src/src/FSM/State_LtoR.cpp.o[0m
[1.199s] [ 83%] [32mBuilding CXX object CMakeFiles/usb_serial.dir/src/src/FSM/State_RG.cpp.o[0m
[1.199s] [ 83%] [32mBuilding CXX object CMakeFiles/usb_serial.dir/src/src/FSM/State_LP.cpp.o[0m
[1.199s] [ 91%] [32mBuilding CXX object CMakeFiles/usb_serial.dir/src/src/usb_serial.cpp.o[0m
[1.624s] [100%] [32m[1mLinking CXX executable usb_serial[0m
[1.703s] [100%] Built target usb_serial
[1.714s] Invoked command in '/home/fcl/USBSerial/build/usb_serial' returned '0': /usr/bin/cmake --build /home/fcl/USBSerial/build/usb_serial -- -j20 -l20
[1.732s] Invoking command in '/home/fcl/USBSerial/build/usb_serial': /usr/bin/cmake --install /home/fcl/USBSerial/build/usb_serial
[1.744s] -- Install configuration: ""
[1.744s] -- Installing: /home/fcl/USBSerial/install/usb_serial/lib/usb_serial/usb_serial
[1.745s] -- Installing: /home/fcl/USBSerial/install/usb_serial/share/ament_index/resource_index/package_run_dependencies/usb_serial
[1.745s] -- Installing: /home/fcl/USBSerial/install/usb_serial/share/ament_index/resource_index/parent_prefix_path/usb_serial
[1.745s] -- Installing: /home/fcl/USBSerial/install/usb_serial/share/usb_serial/environment/ament_prefix_path.sh
[1.745s] -- Installing: /home/fcl/USBSerial/install/usb_serial/share/usb_serial/environment/ament_prefix_path.dsv
[1.745s] -- Installing: /home/fcl/USBSerial/install/usb_serial/share/usb_serial/environment/path.sh
[1.746s] -- Installing: /home/fcl/USBSerial/install/usb_serial/share/usb_serial/environment/path.dsv
[1.746s] -- Installing: /home/fcl/USBSerial/install/usb_serial/share/usb_serial/local_setup.bash
[1.746s] -- Installing: /home/fcl/USBSerial/install/usb_serial/share/usb_serial/local_setup.sh
[1.746s] -- Installing: /home/fcl/USBSerial/install/usb_serial/share/usb_serial/local_setup.zsh
[1.746s] -- Installing: /home/fcl/USBSerial/install/usb_serial/share/usb_serial/local_setup.dsv
[1.746s] -- Installing: /home/fcl/USBSerial/install/usb_serial/share/usb_serial/package.dsv
[1.746s] -- Installing: /home/fcl/USBSerial/install/usb_serial/share/ament_index/resource_index/packages/usb_serial
[1.746s] -- Installing: /home/fcl/USBSerial/install/usb_serial/share/usb_serial/cmake/usb_serialConfig.cmake
[1.746s] -- Installing: /home/fcl/USBSerial/install/usb_serial/share/usb_serial/cmake/usb_serialConfig-version.cmake
[1.746s] -- Installing: /home/fcl/USBSerial/install/usb_serial/share/usb_serial/package.xml
[1.749s] Invoked command in '/home/fcl/USBSerial/build/usb_serial' returned '0': /usr/bin/cmake --install /home/fcl/USBSerial/build/usb_serial
