-- Found rosidl_generator_c: 3.1.8 (/opt/ros/humble/share/rosidl_generator_c/cmake)
-- Found rosidl_adapter: 3.1.8 (/opt/ros/humble/share/rosidl_adapter/cmake)
-- Found rosidl_generator_cpp: 3.1.8 (/opt/ros/humble/share/rosidl_generator_cpp/cmake)
-- Using all available rosidl_typesupport_c: rosidl_typesupport_fastrtps_c;rosidl_typesupport_introspection_c
-- Using all available rosidl_typesupport_cpp: rosidl_typesupport_fastrtps_cpp;rosidl_typesupport_introspection_cpp
-- Found rmw_implementation_cmake: 6.1.2 (/opt/ros/humble/share/rmw_implementation_cmake/cmake)
-- Found rmw_fastrtps_cpp: 6.2.9 (/opt/ros/humble/share/rmw_fastrtps_cpp/cmake)
-- Using RMW implementation 'rmw_fastrtps_cpp' as default
-- Building with ROS2
-- Configuring done
-- Generating done
-- Build files have been written to: /home/fcl/USBSerial/build/do1
[ 18%] [32mBuilding CXX object CMakeFiles/usb_serial.dir/src/src/FSM/ControlFrame.cpp.o[0m
[ 18%] [32mBuilding CXX object CMakeFiles/usb_serial.dir/src/src/FSM/FSM.cpp.o[0m
[ 27%] [32mBuilding CXX object CMakeFiles/usb_serial.dir/src/src/FSM/State_RG.cpp.o[0m
[ 36%] [32mBuilding CXX object CMakeFiles/usb_serial.dir/src/src/KeyBoard/KeyBoard.cpp.o[0m
[ 45%] [32mBuilding CXX object CMakeFiles/usb_serial.dir/src/src/usb_serial.cpp.o[0m
[ 54%] [32mBuilding CXX object CMakeFiles/usb_serial.dir/src/src/FSM/State_LG.cpp.o[0m
[ 63%] [32mBuilding CXX object CMakeFiles/usb_serial.dir/src/src/FSM/State_LtoR.cpp.o[0m
[ 72%] [32mBuilding CXX object CMakeFiles/usb_serial.dir/src/src/FSM/State_LP.cpp.o[0m
[ 81%] [32mBuilding CXX object CMakeFiles/usb_serial.dir/src/src/FSM/State_RP.cpp.o[0m
[ 90%] [32mBuilding CXX object CMakeFiles/usb_serial.dir/src/src/FSM/State_RtoL.cpp.o[0m
[100%] [32m[1mLinking CXX executable usb_serial[0m
