[0.007s] Invoking command in '/home/fcl/USBSerial/build/do1': /usr/bin/cmake /home/fcl/USBSerial/src -DCATKIN_INSTALL_INTO_PREFIX_ROOT=0 -DCMAKE_INSTALL_PREFIX=/home/fcl/USBSerial/install/do1
[0.135s] -- Found rosidl_generator_c: 3.1.8 (/opt/ros/humble/share/rosidl_generator_c/cmake)
[0.137s] -- Found rosidl_adapter: 3.1.8 (/opt/ros/humble/share/rosidl_adapter/cmake)
[0.141s] -- Found rosidl_generator_cpp: 3.1.8 (/opt/ros/humble/share/rosidl_generator_cpp/cmake)
[0.147s] -- Using all available rosidl_typesupport_c: rosidl_typesupport_fastrtps_c;rosidl_typesupport_introspection_c
[0.154s] -- Using all available rosidl_typesupport_cpp: rosidl_typesupport_fastrtps_cpp;rosidl_typesupport_introspection_cpp
[0.175s] -- Found rmw_implementation_cmake: 6.1.2 (/opt/ros/humble/share/rmw_implementation_cmake/cmake)
[0.176s] -- Found rmw_fastrtps_cpp: 6.2.9 (/opt/ros/humble/share/rmw_fastrtps_cpp/cmake)
[0.247s] -- Using RMW implementation 'rmw_fastrtps_cpp' as default
[0.283s] -- Building with ROS2
[0.325s] -- Configuring done
[0.331s] -- Generating done
[0.333s] -- Build files have been written to: /home/fcl/USBSerial/build/do1
[0.340s] Invoked command in '/home/fcl/USBSerial/build/do1' returned '0': /usr/bin/cmake /home/fcl/USBSerial/src -DCATKIN_INSTALL_INTO_PREFIX_ROOT=0 -DCMAKE_INSTALL_PREFIX=/home/fcl/USBSerial/install/do1
[0.340s] Invoking command in '/home/fcl/USBSerial/build/do1': /usr/bin/cmake --build /home/fcl/USBSerial/build/do1 -- -j20 -l20
[0.409s] [ 18%] [32mBuilding CXX object CMakeFiles/usb_serial.dir/src/src/FSM/ControlFrame.cpp.o[0m
[0.409s] [ 18%] [32mBuilding CXX object CMakeFiles/usb_serial.dir/src/src/FSM/FSM.cpp.o[0m
[0.409s] [ 27%] [32mBuilding CXX object CMakeFiles/usb_serial.dir/src/src/FSM/State_RG.cpp.o[0m
[0.409s] [ 36%] [32mBuilding CXX object CMakeFiles/usb_serial.dir/src/src/KeyBoard/KeyBoard.cpp.o[0m
[0.409s] [ 45%] [32mBuilding CXX object CMakeFiles/usb_serial.dir/src/src/usb_serial.cpp.o[0m
[0.411s] [ 54%] [32mBuilding CXX object CMakeFiles/usb_serial.dir/src/src/FSM/State_LG.cpp.o[0m
[0.411s] [ 63%] [32mBuilding CXX object CMakeFiles/usb_serial.dir/src/src/FSM/State_LtoR.cpp.o[0m
[0.411s] [ 72%] [32mBuilding CXX object CMakeFiles/usb_serial.dir/src/src/FSM/State_LP.cpp.o[0m
[0.411s] [ 81%] [32mBuilding CXX object CMakeFiles/usb_serial.dir/src/src/FSM/State_RP.cpp.o[0m
[0.411s] [ 90%] [32mBuilding CXX object CMakeFiles/usb_serial.dir/src/src/FSM/State_RtoL.cpp.o[0m
[0.824s] [100%] [32m[1mLinking CXX executable usb_serial[0m
[0.839s] /usr/bin/ld: CMakeFiles/usb_serial.dir/src/src/FSM/FSM.cpp.o:(.bss+0x0): multiple definition of `userCmd'; CMakeFiles/usb_serial.dir/src/src/FSM/ControlFrame.cpp.o:(.bss+0x0): first defined here
[0.839s] /usr/bin/ld: CMakeFiles/usb_serial.dir/src/src/FSM/FSM.cpp.o:(.bss+0x10): multiple definition of `value'; CMakeFiles/usb_serial.dir/src/src/FSM/ControlFrame.cpp.o:(.bss+0x10): first defined here
[0.839s] /usr/bin/ld: CMakeFiles/usb_serial.dir/src/src/FSM/State_LG.cpp.o:(.bss+0x0): multiple definition of `userCmd'; CMakeFiles/usb_serial.dir/src/src/FSM/ControlFrame.cpp.o:(.bss+0x0): first defined here
[0.839s] /usr/bin/ld: CMakeFiles/usb_serial.dir/src/src/FSM/State_LG.cpp.o:(.bss+0x10): multiple definition of `value'; CMakeFiles/usb_serial.dir/src/src/FSM/ControlFrame.cpp.o:(.bss+0x10): first defined here
[0.839s] /usr/bin/ld: CMakeFiles/usb_serial.dir/src/src/FSM/State_LP.cpp.o:(.bss+0x0): multiple definition of `userCmd'; CMakeFiles/usb_serial.dir/src/src/FSM/ControlFrame.cpp.o:(.bss+0x0): first defined here
[0.839s] /usr/bin/ld: CMakeFiles/usb_serial.dir/src/src/FSM/State_LP.cpp.o:(.bss+0x10): multiple definition of `value'; CMakeFiles/usb_serial.dir/src/src/FSM/ControlFrame.cpp.o:(.bss+0x10): first defined here
[0.839s] /usr/bin/ld: CMakeFiles/usb_serial.dir/src/src/FSM/State_LtoR.cpp.o:(.bss+0x0): multiple definition of `userCmd'; CMakeFiles/usb_serial.dir/src/src/FSM/ControlFrame.cpp.o:(.bss+0x0): first defined here
[0.839s] /usr/bin/ld: CMakeFiles/usb_serial.dir/src/src/FSM/State_LtoR.cpp.o:(.bss+0x10): multiple definition of `value'; CMakeFiles/usb_serial.dir/src/src/FSM/ControlFrame.cpp.o:(.bss+0x10): first defined here
[0.839s] /usr/bin/ld: CMakeFiles/usb_serial.dir/src/src/FSM/State_RG.cpp.o:(.bss+0x0): multiple definition of `userCmd'; CMakeFiles/usb_serial.dir/src/src/FSM/ControlFrame.cpp.o:(.bss+0x0): first defined here
[0.839s] /usr/bin/ld: CMakeFiles/usb_serial.dir/src/src/FSM/State_RG.cpp.o:(.bss+0x10): multiple definition of `value'; CMakeFiles/usb_serial.dir/src/src/FSM/ControlFrame.cpp.o:(.bss+0x10): first defined here
[0.840s] /usr/bin/ld: CMakeFiles/usb_serial.dir/src/src/FSM/State_RP.cpp.o:(.bss+0x0): multiple definition of `userCmd'; CMakeFiles/usb_serial.dir/src/src/FSM/ControlFrame.cpp.o:(.bss+0x0): first defined here
[0.840s] /usr/bin/ld: CMakeFiles/usb_serial.dir/src/src/FSM/State_RP.cpp.o:(.bss+0x10): multiple definition of `value'; CMakeFiles/usb_serial.dir/src/src/FSM/ControlFrame.cpp.o:(.bss+0x10): first defined here
[0.840s] /usr/bin/ld: CMakeFiles/usb_serial.dir/src/src/FSM/State_RtoL.cpp.o:(.bss+0x0): multiple definition of `userCmd'; CMakeFiles/usb_serial.dir/src/src/FSM/ControlFrame.cpp.o:(.bss+0x0): first defined here
[0.840s] /usr/bin/ld: CMakeFiles/usb_serial.dir/src/src/FSM/State_RtoL.cpp.o:(.bss+0x10): multiple definition of `value'; CMakeFiles/usb_serial.dir/src/src/FSM/ControlFrame.cpp.o:(.bss+0x10): first defined here
[0.840s] /usr/bin/ld: CMakeFiles/usb_serial.dir/src/src/usb_serial.cpp.o:(.bss+0x0): multiple definition of `userCmd'; CMakeFiles/usb_serial.dir/src/src/FSM/ControlFrame.cpp.o:(.bss+0x0): first defined here
[0.840s] /usr/bin/ld: CMakeFiles/usb_serial.dir/src/src/usb_serial.cpp.o:(.bss+0x10): multiple definition of `value'; CMakeFiles/usb_serial.dir/src/src/FSM/ControlFrame.cpp.o:(.bss+0x10): first defined here
[0.841s] /usr/bin/ld: CMakeFiles/usb_serial.dir/src/src/usb_serial.cpp.o:(.bss+0x20): multiple definition of `cmdPanel'; CMakeFiles/usb_serial.dir/src/src/FSM/ControlFrame.cpp.o:(.bss+0x20): first defined here
[1.011s] /usr/bin/ld: CMakeFiles/usb_serial.dir/src/src/FSM/State_LG.cpp.o: in function `State_LG::State_LG()':
[1.011s] State_LG.cpp:(.text+0x5a): undefined reference to `FSMState::FSMState(FSMStateName, std::__cxx11::basic_string<char, std::char_traits<char>, std::allocator<char> >)'
[1.011s] /usr/bin/ld: CMakeFiles/usb_serial.dir/src/src/FSM/State_LP.cpp.o: in function `State_LP::State_LP()':
[1.011s] State_LP.cpp:(.text+0x5a): undefined reference to `FSMState::FSMState(FSMStateName, std::__cxx11::basic_string<char, std::char_traits<char>, std::allocator<char> >)'
[1.011s] /usr/bin/ld: CMakeFiles/usb_serial.dir/src/src/FSM/State_LtoR.cpp.o: in function `State_LtoR::State_LtoR()':
[1.011s] State_LtoR.cpp:(.text+0x5a): undefined reference to `FSMState::FSMState(FSMStateName, std::__cxx11::basic_string<char, std::char_traits<char>, std::allocator<char> >)'
[1.011s] /usr/bin/ld: CMakeFiles/usb_serial.dir/src/src/FSM/State_RG.cpp.o: in function `State_RG::State_RG()':
[1.011s] State_RG.cpp:(.text+0x5a): undefined reference to `FSMState::FSMState(FSMStateName, std::__cxx11::basic_string<char, std::char_traits<char>, std::allocator<char> >)'
[1.011s] /usr/bin/ld: CMakeFiles/usb_serial.dir/src/src/FSM/State_RP.cpp.o: in function `State_RP::State_RP()':
[1.011s] State_RP.cpp:(.text+0x5a): undefined reference to `FSMState::FSMState(FSMStateName, std::__cxx11::basic_string<char, std::char_traits<char>, std::allocator<char> >)'
[1.011s] /usr/bin/ld: CMakeFiles/usb_serial.dir/src/src/FSM/State_RtoL.cpp.o:State_RtoL.cpp:(.text+0x5a): more undefined references to `FSMState::FSMState(FSMStateName, std::__cxx11::basic_string<char, std::char_traits<char>, std::allocator<char> >)' follow
[1.014s] collect2: error: ld returned 1 exit status
[1.016s] gmake[2]: *** [CMakeFiles/usb_serial.dir/build.make:295：usb_serial] 错误 1
[1.016s] gmake[1]: *** [CMakeFiles/Makefile2:137：CMakeFiles/usb_serial.dir/all] 错误 2
[1.016s] gmake: *** [Makefile:146：all] 错误 2
[1.019s] Invoked command in '/home/fcl/USBSerial/build/do1' returned '2': /usr/bin/cmake --build /home/fcl/USBSerial/build/do1 -- -j20 -l20
