[35m[1mConsolidate compiler generated dependencies of target usb_serial[0m
[  8%] [32mBuilding CXX object CMakeFiles/usb_serial.dir/src/src/usb_serial.cpp.o[0m
[ 16%] [32mBuilding CXX object CMakeFiles/usb_serial.dir/src/src/FSM/ControlFrame.cpp.o[0m
[01m[K/home/fcl/servo-gripper/src/src/src/usb_serial.cpp:16:5:[m[K [01;31m[Kerror: [m[K‘[01m[KControlFrame[m[K’ does not name a type
   16 |     [01;31m[KControlFrame[m[K ctrlFrame;
      |     [01;31m[K^~~~~~~~~~~~[m[K
[01m[K/home/fcl/servo-gripper/src/src/src/usb_serial.cpp:32:17:[m[K [01;31m[Kerror: [m[Kexpected unqualified-id before ‘[01m[Kif[m[K’
   32 |                 [01;31m[Kif[m[K (cmdPanel != nullptr) {
      |                 [01;31m[K^~[m[K
[01m[K/home/fcl/servo-gripper/src/src/src/usb_serial.cpp:34:19:[m[K [01;31m[Kerror: [m[Kexpected unqualified-id before ‘[01m[Kelse[m[K’
   34 |                 } [01;31m[Kelse[m[K {
      |                   [01;31m[K^~~~[m[K
[01m[K/home/fcl/servo-gripper/src/src/src/usb_serial.cpp:[m[K In function ‘[01m[Kint main()[m[K’:
[01m[K/home/fcl/servo-gripper/src/src/src/usb_serial.cpp:420:5:[m[K [01;31m[Kerror: [m[K‘[01m[KControlFrame[m[K’ was not declared in this scope
  420 |     [01;31m[KControlFrame[m[K ctrlFrame;
      |     [01;31m[K^~~~~~~~~~~~[m[K
[01m[K/home/fcl/servo-gripper/src/src/src/usb_serial.cpp:434:26:[m[K [01;31m[Kerror: [m[K‘[01m[KcmdPanel[m[K’ was not declared in this scope
  434 |                userCmd = [01;31m[KcmdPanel[m[K->getUserCmd();
      |                          [01;31m[K^~~~~~~~[m[K
[01m[K/home/fcl/servo-gripper/src/src/src/usb_serial.cpp:452:20:[m[K [01;31m[Kerror: [m[K‘[01m[KctrlFrame[m[K’ was not declared in this scope
  452 |                    [01;31m[KctrlFrame[m[K.run();
      |                    [01;31m[K^~~~~~~~~[m[K
gmake[2]: *** [CMakeFiles/usb_serial.dir/build.make:216：CMakeFiles/usb_serial.dir/src/src/usb_serial.cpp.o] 错误 1
gmake[1]: *** [CMakeFiles/Makefile2:137：CMakeFiles/usb_serial.dir/all] 错误 2
gmake: *** [Makefile:146：all] 错误 2
