[0.007s] Invoking command in '/home/fcl/USBSerial/build/USB': /usr/bin/cmake /home/fcl/USBSerial/src -DCATKIN_INSTALL_INTO_PREFIX_ROOT=0 -DCMAKE_INSTALL_PREFIX=/home/fcl/USBSerial/install/USB
[0.065s] -- The C compiler identification is GNU 11.4.0
[0.110s] -- The CXX compiler identification is GNU 11.4.0
[0.116s] -- Detecting C compiler ABI info
[0.187s] -- Detecting C compiler ABI info - done
[0.197s] -- Check for working C compiler: /usr/bin/cc - skipped
[0.197s] -- Detecting C compile features
[0.198s] -- Detecting C compile features - done
[0.202s] -- Detecting CXX compiler ABI info
[0.296s] -- Detecting CXX compiler ABI info - done
[0.302s] -- Check for working CXX compiler: /usr/bin/c++ - skipped
[0.302s] -- Detecting CXX compile features
[0.303s] -- Detecting CXX compile features - done
[0.490s] -- Found Python3: /usr/bin/python3 (found version "3.10.12") found components: Interpreter 
[0.577s] -- Found rosidl_generator_c: 3.1.8 (/opt/ros/humble/share/rosidl_generator_c/cmake)
[0.581s] -- Found rosidl_adapter: 3.1.8 (/opt/ros/humble/share/rosidl_adapter/cmake)
[0.588s] -- Found rosidl_generator_cpp: 3.1.8 (/opt/ros/humble/share/rosidl_generator_cpp/cmake)
[0.595s] -- Using all available rosidl_typesupport_c: rosidl_typesupport_fastrtps_c;rosidl_typesupport_introspection_c
[0.605s] -- Using all available rosidl_typesupport_cpp: rosidl_typesupport_fastrtps_cpp;rosidl_typesupport_introspection_cpp
[0.634s] -- Found rmw_implementation_cmake: 6.1.2 (/opt/ros/humble/share/rmw_implementation_cmake/cmake)
[0.635s] -- Found rmw_fastrtps_cpp: 6.2.9 (/opt/ros/humble/share/rmw_fastrtps_cpp/cmake)
[0.718s] -- Found OpenSSL: /usr/lib/x86_64-linux-gnu/libcrypto.so (found version "3.0.2")  
[0.752s] -- Found FastRTPS: /opt/ros/humble/include  
[0.784s] -- Using RMW implementation 'rmw_fastrtps_cpp' as default
[0.795s] -- Looking for pthread.h
[0.879s] -- Looking for pthread.h - found
[0.879s] -- Performing Test CMAKE_HAVE_LIBC_PTHREAD
[0.965s] -- Performing Test CMAKE_HAVE_LIBC_PTHREAD - Success
[0.966s] -- Found Threads: TRUE  
[1.003s] -- Building with ROS2
[1.040s] WARNING: Package name "USB" does not follow the naming conventions. It should start with a lower case letter and only contain lower case letters, digits, underscores, and dashes.
[1.046s] [31mCMake Error at /opt/ros/humble/share/ament_cmake_core/cmake/core/ament_package_xml.cmake:53 (message):
[1.046s]   ament_package_xml() package name 'USB' in '/package.xml' does not match
[1.046s]   current PROJECT_NAME 'do1'.  You must call project() with the same package
[1.046s]   name before.
[1.046s] Call Stack (most recent call first):
[1.046s]   /opt/ros/humble/share/ament_cmake_core/cmake/core/ament_package.cmake:63 (ament_package_xml)
[1.046s]   CMakeLists.txt:145 (ament_package)
[1.047s] 
[1.047s] [0m
[1.047s] -- Configuring incomplete, errors occurred!
[1.047s] See also "/home/fcl/USBSerial/build/USB/CMakeFiles/CMakeOutput.log".
[1.055s] Invoked command in '/home/fcl/USBSerial/build/USB' returned '1': /usr/bin/cmake /home/fcl/USBSerial/src -DCATKIN_INSTALL_INTO_PREFIX_ROOT=0 -DCMAKE_INSTALL_PREFIX=/home/fcl/USBSerial/install/USB
