[0.007s] Invoking command in '/home/fcl/USBSerial/build/do1': /usr/bin/cmake /home/fcl/USBSerial/src -DCATKIN_INSTALL_INTO_PREFIX_ROOT=0 -DCMAKE_INSTALL_PREFIX=/home/fcl/USBSerial/install/do1
[0.172s] -- Found Python3: /usr/bin/python3 (found version "3.10.12") found components: Interpreter 
[0.274s] -- Found rosidl_generator_c: 3.1.8 (/opt/ros/humble/share/rosidl_generator_c/cmake)
[0.278s] -- Found rosidl_adapter: 3.1.8 (/opt/ros/humble/share/rosidl_adapter/cmake)
[0.285s] -- Found rosidl_generator_cpp: 3.1.8 (/opt/ros/humble/share/rosidl_generator_cpp/cmake)
[0.293s] -- Using all available rosidl_typesupport_c: rosidl_typesupport_fastrtps_c;rosidl_typesupport_introspection_c
[0.303s] -- Using all available rosidl_typesupport_cpp: rosidl_typesupport_fastrtps_cpp;rosidl_typesupport_introspection_cpp
[0.331s] -- Found rmw_implementation_cmake: 6.1.2 (/opt/ros/humble/share/rmw_implementation_cmake/cmake)
[0.333s] -- Found rmw_fastrtps_cpp: 6.2.9 (/opt/ros/humble/share/rmw_fastrtps_cpp/cmake)
[0.420s] -- Found OpenSSL: /usr/lib/x86_64-linux-gnu/libcrypto.so (found version "3.0.2")  
[0.450s] -- Found FastRTPS: /opt/ros/humble/include  
[0.479s] -- Using RMW implementation 'rmw_fastrtps_cpp' as default
[0.485s] -- Looking for pthread.h
[0.579s] -- Looking for pthread.h - found
[0.579s] -- Performing Test CMAKE_HAVE_LIBC_PTHREAD
[0.676s] -- Performing Test CMAKE_HAVE_LIBC_PTHREAD - Success
[0.678s] -- Found Threads: TRUE  
[0.710s] -- Building with ROS2
[0.754s] [31mCMake Error at /opt/ros/humble/share/ament_cmake_core/cmake/core/ament_package_xml.cmake:53 (message):
[0.754s]   ament_package_xml() package name 'do1' in '/package.xml' does not match
[0.755s]   current PROJECT_NAME 'USBSerial'.  You must call project() with the same
[0.755s]   package name before.
[0.755s] Call Stack (most recent call first):
[0.755s]   /opt/ros/humble/share/ament_cmake_core/cmake/core/ament_package.cmake:63 (ament_package_xml)
[0.755s]   CMakeLists.txt:145 (ament_package)
[0.755s] 
[0.755s] [0m
[0.755s] -- Configuring incomplete, errors occurred!
[0.755s] See also "/home/fcl/USBSerial/build/do1/CMakeFiles/CMakeOutput.log".
[0.760s] Invoked command in '/home/fcl/USBSerial/build/do1' returned '1': /usr/bin/cmake /home/fcl/USBSerial/src -DCATKIN_INSTALL_INTO_PREFIX_ROOT=0 -DCMAKE_INSTALL_PREFIX=/home/fcl/USBSerial/install/do1
