[0.009s] Invoking command in '/home/fcl/servo-gripper/build/usb_serial': /usr/bin/cmake --build /home/fcl/servo-gripper/build/usb_serial -- -j20 -l20
[0.024s] [0m-- GLOB mismatch![0m
[0.151s] -- Found rosidl_generator_c: 3.1.8 (/opt/ros/humble/share/rosidl_generator_c/cmake)
[0.152s] -- Found rosidl_adapter: 3.1.8 (/opt/ros/humble/share/rosidl_adapter/cmake)
[0.156s] -- Found rosidl_generator_cpp: 3.1.8 (/opt/ros/humble/share/rosidl_generator_cpp/cmake)
[0.162s] -- Using all available rosidl_typesupport_c: rosidl_typesupport_fastrtps_c;rosidl_typesupport_introspection_c
[0.170s] -- Using all available rosidl_typesupport_cpp: rosidl_typesupport_fastrtps_cpp;rosidl_typesupport_introspection_cpp
[0.191s] -- Found rmw_implementation_cmake: 6.1.2 (/opt/ros/humble/share/rmw_implementation_cmake/cmake)
[0.192s] -- Found rmw_fastrtps_cpp: 6.2.9 (/opt/ros/humble/share/rmw_fastrtps_cpp/cmake)
[0.275s] -- Using RMW implementation 'rmw_fastrtps_cpp' as default
[0.311s] -- Building with ROS2
[0.369s] -- Configuring done
[0.373s] -- Generating done
[0.375s] -- Build files have been written to: /home/fcl/servo-gripper/build/usb_serial
[0.399s] [35m[1mConsolidate compiler generated dependencies of target usb_serial[0m
[0.415s] [  7%] [32mBuilding CXX object CMakeFiles/usb_serial.dir/src/src/KeyBoard/Command.cpp.o[0m
[0.415s] [ 14%] [32mBuilding CXX object CMakeFiles/usb_serial.dir/src/src/usb_serial.cpp.o[0m
[0.416s] [ 21%] [32mBuilding CXX object CMakeFiles/usb_serial.dir/src/src/FSM/ControlFrame.cpp.o[0m
[0.471s] [01m[K/home/fcl/servo-gripper/src/src/src/usb_serial.cpp:22:10:[m[K [01;31m[Kfatal error: [m[Kkeyboard/command.h: 没有那个文件或目录
[0.471s]    22 | #include [01;31m[K"keyboard/command.h"[m[K
[0.471s]       |          [01;31m[K^~~~~~~~~~~~~~~~~~~~[m[K
[0.471s] compilation terminated.
[0.472s] gmake[2]: *** [CMakeFiles/usb_serial.dir/build.make:244：CMakeFiles/usb_serial.dir/src/src/usb_serial.cpp.o] 错误 1
[0.473s] gmake[2]: *** 正在等待未完成的任务....
[0.523s] [01m[K/home/fcl/servo-gripper/src/src/src/KeyBoard/Command.cpp:[m[K In member function ‘[01m[KUserCommand command::checkCmd()[m[K’:
[0.523s] [01m[K/home/fcl/servo-gripper/src/src/src/KeyBoard/Command.cpp:23:1:[m[K [01;35m[Kwarning: [m[Kno return statement in function returning non-void [[01;35m[K]8;;https://gcc.gnu.org/onlinedocs/gcc/Warning-Options.html#index-Wreturn-type-Wreturn-type]8;;[m[K]
[0.523s]    23 | [01;35m[K}[m[K
[0.523s]       | [01;35m[K^[m[K
[0.523s] [01m[K/home/fcl/servo-gripper/src/src/src/KeyBoard/Command.cpp:[m[K At global scope:
[0.523s] [01m[K/home/fcl/servo-gripper/src/src/src/KeyBoard/Command.cpp:24:6:[m[K [01;31m[Kerror: [m[Kredefinition of ‘[01m[Kvoid command::run()[m[K’
[0.523s]    24 | void [01;31m[Kcommand[m[K::run(){
[0.523s]       |      [01;31m[K^~~~~~~[m[K
[0.523s] In file included from [01m[K/home/fcl/servo-gripper/src/src/src/KeyBoard/Command.cpp:1[m[K:
[0.523s] [01m[K/home/fcl/servo-gripper/src/src/include/keyboard/Command.h:23:11:[m[K [01;36m[Knote: [m[K‘[01m[Kvoid command::run()[m[K’ previously defined here
[0.523s]    23 |      void [01;36m[Krun[m[K(){}
[0.524s]       |           [01;36m[K^~~[m[K
[0.535s] gmake[2]: *** [CMakeFiles/usb_serial.dir/build.make:216：CMakeFiles/usb_serial.dir/src/src/KeyBoard/Command.cpp.o] 错误 1
[0.606s] In file included from [01m[K/home/fcl/servo-gripper/src/src/src/FSM/ControlFrame.cpp:3[m[K:
[0.606s] [01m[K/home/fcl/servo-gripper/src/src/include/FSM/ControlFrame.h:10:17:[m[K [01;31m[Kerror: [m[Kconflicting declaration ‘[01m[Kcommand* commandSource[m[K’
[0.606s]    10 | extern command *[01;31m[KcommandSource[m[K; //global variable
[0.606s]       |                 [01;31m[K^~~~~~~~~~~~~[m[K
[0.607s] In file included from [01m[K/home/fcl/servo-gripper/src/src/include/FSM/ControlFrame.h:6[m[K,
[0.607s]                  from [01m[K/home/fcl/servo-gripper/src/src/src/FSM/ControlFrame.cpp:3[m[K:
[0.607s] [01m[K/home/fcl/servo-gripper/src/src/include/keyboard/Command.h:28:16:[m[K [01;36m[Knote: [m[Kprevious declaration as ‘[01m[Kcommand commandSource[m[K’
[0.607s]    28 | extern command [01;36m[KcommandSource[m[K;
[0.607s]       |                [01;36m[K^~~~~~~~~~~~~[m[K
[0.607s] In file included from [01m[K/home/fcl/servo-gripper/src/src/src/FSM/ControlFrame.cpp:3[m[K:
[0.607s] [01m[K/home/fcl/servo-gripper/src/src/include/FSM/ControlFrame.h:[m[K In destructor ‘[01m[KControlFrame::~ControlFrame()[m[K’:
[0.607s] [01m[K/home/fcl/servo-gripper/src/src/include/FSM/ControlFrame.h:17:24:[m[K [01;31m[Kerror: [m[Ktype ‘[01m[Kclass command[m[K’ argument given to ‘[01m[Kdelete[m[K’, expected pointer
[0.607s]    17 |                 delete [01;31m[KcommandSource[m[K;
[0.607s]       |                        [01;31m[K^~~~~~~~~~~~~[m[K
[0.607s] [01m[K/home/fcl/servo-gripper/src/src/src/FSM/ControlFrame.cpp:[m[K At global scope:
[0.607s] [01m[K/home/fcl/servo-gripper/src/src/src/FSM/ControlFrame.cpp:7:10:[m[K [01;31m[Kerror: [m[Kconflicting declaration ‘[01m[Kcommand* commandSource[m[K’
[0.607s]     7 | command *[01;31m[KcommandSource[m[K=nullptr;
[0.607s]       |          [01;31m[K^~~~~~~~~~~~~[m[K
[0.607s] In file included from [01m[K/home/fcl/servo-gripper/src/src/include/FSM/ControlFrame.h:6[m[K,
[0.607s]                  from [01m[K/home/fcl/servo-gripper/src/src/src/FSM/ControlFrame.cpp:3[m[K:
[0.607s] [01m[K/home/fcl/servo-gripper/src/src/include/keyboard/Command.h:28:16:[m[K [01;36m[Knote: [m[Kprevious declaration as ‘[01m[Kcommand commandSource[m[K’
[0.607s]    28 | extern command [01;36m[KcommandSource[m[K;
[0.607s]       |                [01;36m[K^~~~~~~~~~~~~[m[K
[0.608s] [01m[K/home/fcl/servo-gripper/src/src/src/FSM/ControlFrame.cpp:[m[K In constructor ‘[01m[KControlFrame::ControlFrame()[m[K’:
[0.609s] [01m[K/home/fcl/servo-gripper/src/src/src/FSM/ControlFrame.cpp:11:33:[m[K [01;31m[Kerror: [m[Kno match for ‘[01m[Koperator=[m[K’ (operand types are ‘[01m[Kcommand[m[K’ and ‘[01m[Kcommand*[m[K’)
[0.609s]    11 |     commandSource = new command([01;31m[K)[m[K;
[0.609s]       |                                 [01;31m[K^[m[K
[0.609s] In file included from [01m[K/home/fcl/servo-gripper/src/src/include/FSM/ControlFrame.h:6[m[K,
[0.609s]                  from [01m[K/home/fcl/servo-gripper/src/src/src/FSM/ControlFrame.cpp:3[m[K:
[0.609s] [01m[K/home/fcl/servo-gripper/src/src/include/keyboard/Command.h:13:7:[m[K [01;36m[Knote: [m[Kcandidate: ‘[01m[Kcommand& command::operator=(const command&)[m[K’
[0.609s]    13 | class [01;36m[Kcommand[m[K{
[0.609s]       |       [01;36m[K^~~~~~~[m[K
[0.609s] [01m[K/home/fcl/servo-gripper/src/src/include/keyboard/Command.h:13:7:[m[K [01;36m[Knote: [m[K  no known conversion for argument 1 from ‘[01m[Kcommand*[m[K’ to ‘[01m[Kconst command&[m[K’
[0.630s] gmake[2]: *** [CMakeFiles/usb_serial.dir/build.make:76：CMakeFiles/usb_serial.dir/src/src/FSM/ControlFrame.cpp.o] 错误 1
[0.630s] gmake[1]: *** [CMakeFiles/Makefile2:137：CMakeFiles/usb_serial.dir/all] 错误 2
[0.631s] gmake: *** [Makefile:146：all] 错误 2
[0.633s] Invoked command in '/home/fcl/servo-gripper/build/usb_serial' returned '2': /usr/bin/cmake --build /home/fcl/servo-gripper/build/usb_serial -- -j20 -l20
