[0.007s] Invoking command in '/home/fcl/servo-gripper/build/usb_serial': /usr/bin/cmake /home/fcl/servo-gripper/src -DCATKIN_INSTALL_INTO_PREFIX_ROOT=0 -DCMAKE_INSTALL_PREFIX=/home/fcl/servo-gripper/install/usb_serial
[0.087s] -- The C compiler identification is GNU 11.4.0
[0.150s] -- The CXX compiler identification is GNU 11.4.0
[0.212s] -- Detecting C compiler ABI info
[0.325s] -- Detecting C compiler ABI info - done
[0.340s] -- Check for working C compiler: /usr/bin/cc - skipped
[0.344s] -- Detecting C compile features
[0.348s] -- Detecting C compile features - done
[0.368s] -- Detecting CXX compiler ABI info
[0.467s] -- Detecting CXX compiler ABI info - done
[0.473s] -- Check for working CXX compiler: /usr/bin/c++ - skipped
[0.473s] -- Detecting CXX compile features
[0.473s] -- Detecting CXX compile features - done
[0.792s] -- Found Python3: /usr/bin/python3 (found version "3.10.12") found components: Interpreter 
[1.501s] -- Found rosidl_generator_c: 3.1.8 (/opt/ros/humble/share/rosidl_generator_c/cmake)
[1.531s] -- Found rosidl_adapter: 3.1.8 (/opt/ros/humble/share/rosidl_adapter/cmake)
[1.600s] -- Found rosidl_generator_cpp: 3.1.8 (/opt/ros/humble/share/rosidl_generator_cpp/cmake)
[1.683s] -- Using all available rosidl_typesupport_c: rosidl_typesupport_fastrtps_c;rosidl_typesupport_introspection_c
[1.786s] -- Using all available rosidl_typesupport_cpp: rosidl_typesupport_fastrtps_cpp;rosidl_typesupport_introspection_cpp
[2.071s] -- Found rmw_implementation_cmake: 6.1.2 (/opt/ros/humble/share/rmw_implementation_cmake/cmake)
[2.093s] -- Found rmw_fastrtps_cpp: 6.2.9 (/opt/ros/humble/share/rmw_fastrtps_cpp/cmake)
[2.424s] -- Found OpenSSL: /usr/lib/x86_64-linux-gnu/libcrypto.so (found version "3.0.2")  
[2.479s] -- Found FastRTPS: /opt/ros/humble/include  
[2.526s] -- Using RMW implementation 'rmw_fastrtps_cpp' as default
[2.575s] -- Looking for pthread.h
[2.669s] -- Looking for pthread.h - found
[2.669s] -- Performing Test CMAKE_HAVE_LIBC_PTHREAD
[2.732s] -- Performing Test CMAKE_HAVE_LIBC_PTHREAD - Success
[2.732s] -- Found Threads: TRUE  
[2.949s] -- Building with ROS2
[3.013s] -- Configuring done
[3.063s] -- Generating done
[3.063s] [33mCMake Warning:
[3.063s]   Manually-specified variables were not used by the project:
[3.063s] 
[3.063s]     CATKIN_INSTALL_INTO_PREFIX_ROOT
[3.064s] 
[3.064s] [0m
[3.066s] -- Build files have been written to: /home/fcl/servo-gripper/build/usb_serial
[3.074s] Invoked command in '/home/fcl/servo-gripper/build/usb_serial' returned '0': /usr/bin/cmake /home/fcl/servo-gripper/src -DCATKIN_INSTALL_INTO_PREFIX_ROOT=0 -DCMAKE_INSTALL_PREFIX=/home/fcl/servo-gripper/install/usb_serial
[3.076s] Invoking command in '/home/fcl/servo-gripper/build/usb_serial': /usr/bin/cmake --build /home/fcl/servo-gripper/build/usb_serial -- -j20 -l20
[3.147s] [ 14%] [32mBuilding CXX object CMakeFiles/usb_serial.dir/src/src/FSM/State_LG.cpp.o[0m
[3.147s] [ 14%] [32mBuilding CXX object CMakeFiles/usb_serial.dir/src/src/FSM/State_END.cpp.o[0m
[3.147s] [ 21%] [32mBuilding CXX object CMakeFiles/usb_serial.dir/src/src/FSM/State_RG.cpp.o[0m
[3.147s] [ 28%] [32mBuilding CXX object CMakeFiles/usb_serial.dir/src/src/FSM/State_LtoR.cpp.o[0m
[3.148s] [ 35%] [32mBuilding CXX object CMakeFiles/usb_serial.dir/src/src/FSM/ControlFrame.cpp.o[0m
[3.148s] [ 42%] [32mBuilding CXX object CMakeFiles/usb_serial.dir/src/src/KeyBoard/KeyBoard.cpp.o[0m
[3.148s] [ 50%] [32mBuilding CXX object CMakeFiles/usb_serial.dir/src/src/usb_serial.cpp.o[0m
[3.149s] [ 57%] [32mBuilding CXX object CMakeFiles/usb_serial.dir/src/src/FSM/FSM.cpp.o[0m
[3.149s] [ 64%] [32mBuilding CXX object CMakeFiles/usb_serial.dir/src/src/FSM/FSMState.cpp.o[0m
[3.149s] [ 71%] [32mBuilding CXX object CMakeFiles/usb_serial.dir/src/src/FSM/State_LP.cpp.o[0m
[3.150s] [ 85%] [32mBuilding CXX object CMakeFiles/usb_serial.dir/src/src/FSM/State_RP.cpp.o[0m
[3.150s] [ 85%] [32mBuilding CXX object CMakeFiles/usb_serial.dir/src/src/FSM/State_RtoL.cpp.o[0m
[3.150s] [ 92%] [32mBuilding CXX object CMakeFiles/usb_serial.dir/src/src/KeyBoard/Command.cpp.o[0m
[9.293s] [100%] [32m[1mLinking CXX executable usb_serial[0m
[9.849s] [100%] Built target usb_serial
[9.859s] Invoked command in '/home/fcl/servo-gripper/build/usb_serial' returned '0': /usr/bin/cmake --build /home/fcl/servo-gripper/build/usb_serial -- -j20 -l20
[9.873s] Invoking command in '/home/fcl/servo-gripper/build/usb_serial': /usr/bin/cmake --install /home/fcl/servo-gripper/build/usb_serial
[9.886s] -- Install configuration: ""
[9.886s] -- Installing: /home/fcl/servo-gripper/install/usb_serial/lib/usb_serial/usb_serial
[9.890s] -- Set runtime path of "/home/fcl/servo-gripper/install/usb_serial/lib/usb_serial/usb_serial" to ""
[9.890s] -- Installing: /home/fcl/servo-gripper/install/usb_serial/share/ament_index/resource_index/package_run_dependencies/usb_serial
[9.890s] -- Installing: /home/fcl/servo-gripper/install/usb_serial/share/ament_index/resource_index/parent_prefix_path/usb_serial
[9.890s] -- Installing: /home/fcl/servo-gripper/install/usb_serial/share/usb_serial/environment/ament_prefix_path.sh
[9.890s] -- Installing: /home/fcl/servo-gripper/install/usb_serial/share/usb_serial/environment/ament_prefix_path.dsv
[9.890s] -- Installing: /home/fcl/servo-gripper/install/usb_serial/share/usb_serial/environment/path.sh
[9.891s] -- Installing: /home/fcl/servo-gripper/install/usb_serial/share/usb_serial/environment/path.dsv
[9.891s] -- Installing: /home/fcl/servo-gripper/install/usb_serial/share/usb_serial/local_setup.bash
[9.891s] -- Installing: /home/fcl/servo-gripper/install/usb_serial/share/usb_serial/local_setup.sh
[9.891s] -- Installing: /home/fcl/servo-gripper/install/usb_serial/share/usb_serial/local_setup.zsh
[9.891s] -- Installing: /home/fcl/servo-gripper/install/usb_serial/share/usb_serial/local_setup.dsv
[9.891s] -- Installing: /home/fcl/servo-gripper/install/usb_serial/share/usb_serial/package.dsv
[9.891s] -- Installing: /home/fcl/servo-gripper/install/usb_serial/share/ament_index/resource_index/packages/usb_serial
[9.891s] -- Installing: /home/fcl/servo-gripper/install/usb_serial/share/usb_serial/cmake/usb_serialConfig.cmake
[9.891s] -- Installing: /home/fcl/servo-gripper/install/usb_serial/share/usb_serial/cmake/usb_serialConfig-version.cmake
[9.891s] -- Installing: /home/fcl/servo-gripper/install/usb_serial/share/usb_serial/package.xml
[9.894s] Invoked command in '/home/fcl/servo-gripper/build/usb_serial' returned '0': /usr/bin/cmake --install /home/fcl/servo-gripper/build/usb_serial
