[0.007s] Invoking command in '/home/fcl/USBSerial/build/do1': /usr/bin/cmake --build /home/fcl/USBSerial/build/do1 -- -j20 -l20
[0.025s] [0m-- GLOB mismatch![0m
[0.188s] -- Found rosidl_generator_c: 3.1.8 (/opt/ros/humble/share/rosidl_generator_c/cmake)
[0.189s] -- Found rosidl_adapter: 3.1.8 (/opt/ros/humble/share/rosidl_adapter/cmake)
[0.193s] -- Found rosidl_generator_cpp: 3.1.8 (/opt/ros/humble/share/rosidl_generator_cpp/cmake)
[0.199s] -- Using all available rosidl_typesupport_c: rosidl_typesupport_fastrtps_c;rosidl_typesupport_introspection_c
[0.207s] -- Using all available rosidl_typesupport_cpp: rosidl_typesupport_fastrtps_cpp;rosidl_typesupport_introspection_cpp
[0.228s] -- Found rmw_implementation_cmake: 6.1.2 (/opt/ros/humble/share/rmw_implementation_cmake/cmake)
[0.229s] -- Found rmw_fastrtps_cpp: 6.2.9 (/opt/ros/humble/share/rmw_fastrtps_cpp/cmake)
[0.299s] -- Using RMW implementation 'rmw_fastrtps_cpp' as default
[0.331s] -- Building with ROS2
[0.379s] -- Configuring done
[0.386s] -- Generating done
[0.388s] -- Build files have been written to: /home/fcl/USBSerial/build/do1
[0.422s] [35m[1mConsolidate compiler generated dependencies of target usb_serial[0m
[0.449s] [ 25%] [32mBuilding CXX object CMakeFiles/usb_serial.dir/src/src/FSM/State_RP.cpp.o[0m
[0.450s] [ 25%] [32mBuilding CXX object CMakeFiles/usb_serial.dir/src/src/FSM/State_LP.cpp.o[0m
[0.450s] [ 33%] [32mBuilding CXX object CMakeFiles/usb_serial.dir/src/src/FSM/State_LtoR.cpp.o[0m
[0.450s] [ 33%] [32mBuilding CXX object CMakeFiles/usb_serial.dir/src/src/FSM/State_RtoL.cpp.o[0m
[0.450s] [ 41%] [32mBuilding CXX object CMakeFiles/usb_serial.dir/src/src/usb_serial.cpp.o[0m
[0.450s] [ 50%] [32mBuilding CXX object CMakeFiles/usb_serial.dir/src/src/FSM/State_RG.cpp.o[0m
[0.451s] [ 58%] [32mBuilding CXX object CMakeFiles/usb_serial.dir/src/src/FSM/ControlFrame.cpp.o[0m
[0.451s] [ 66%] [32mBuilding CXX object CMakeFiles/usb_serial.dir/src/src/FSM/FSM.cpp.o[0m
[0.451s] [ 75%] [32mBuilding CXX object CMakeFiles/usb_serial.dir/src/src/FSM/FSMState.cpp.o[0m
[0.451s] [ 83%] [32mBuilding CXX object CMakeFiles/usb_serial.dir/src/src/FSM/State_LG.cpp.o[0m
[0.897s] [ 91%] [32m[1mLinking CXX executable usb_serial[0m
[0.971s] [100%] Built target usb_serial
[0.980s] Invoked command in '/home/fcl/USBSerial/build/do1' returned '0': /usr/bin/cmake --build /home/fcl/USBSerial/build/do1 -- -j20 -l20
[0.990s] Invoking command in '/home/fcl/USBSerial/build/do1': /usr/bin/cmake --install /home/fcl/USBSerial/build/do1
[0.994s] -- Install configuration: ""
[0.994s] -- Installing: /home/fcl/USBSerial/install/do1/lib/do1/usb_serial
[0.995s] -- Installing: /home/fcl/USBSerial/install/do1/share/ament_index/resource_index/package_run_dependencies/do1
[0.995s] -- Installing: /home/fcl/USBSerial/install/do1/share/ament_index/resource_index/parent_prefix_path/do1
[0.995s] -- Installing: /home/fcl/USBSerial/install/do1/share/do1/environment/ament_prefix_path.sh
[0.995s] -- Installing: /home/fcl/USBSerial/install/do1/share/do1/environment/ament_prefix_path.dsv
[0.995s] -- Installing: /home/fcl/USBSerial/install/do1/share/do1/environment/path.sh
[0.995s] -- Installing: /home/fcl/USBSerial/install/do1/share/do1/environment/path.dsv
[0.995s] -- Installing: /home/fcl/USBSerial/install/do1/share/do1/local_setup.bash
[0.995s] -- Installing: /home/fcl/USBSerial/install/do1/share/do1/local_setup.sh
[0.996s] -- Installing: /home/fcl/USBSerial/install/do1/share/do1/local_setup.zsh
[0.996s] -- Installing: /home/fcl/USBSerial/install/do1/share/do1/local_setup.dsv
[0.996s] -- Installing: /home/fcl/USBSerial/install/do1/share/do1/package.dsv
[0.996s] -- Installing: /home/fcl/USBSerial/install/do1/share/ament_index/resource_index/packages/do1
[0.996s] -- Installing: /home/fcl/USBSerial/install/do1/share/do1/cmake/do1Config.cmake
[0.996s] -- Installing: /home/fcl/USBSerial/install/do1/share/do1/cmake/do1Config-version.cmake
[0.996s] -- Installing: /home/fcl/USBSerial/install/do1/share/do1/package.xml
[0.997s] Invoked command in '/home/fcl/USBSerial/build/do1' returned '0': /usr/bin/cmake --install /home/fcl/USBSerial/build/do1
